Arguments: 
  /usr/bin/node /usr/share/yarn/bin/yarn.js add @contactlab-ui-components@2.0

PATH: 
  /usr/local/sbin:/usr/local/bin:/usr/sbin:/usr/bin:/sbin:/bin:/usr/games:/usr/local/games:/snap/bin

Yarn version: 
  1.2.1

Node version: 
  8.8.1

Platform: 
  linux x64

npm manifest: 
  {
    "name": "tabs-example",
    "version": "1.0.0",
    "main": "index.js",
    "repository": "https://gitlab.contactlab.com/product-devs/tabs-example",
    "author": "Salvatore Laisa <salvatore.laisa@contactlab.com>",
    "license": "MIT",
    "dependencies": {
      "@polymer/polymer": "next"
    }
  }

yarn manifest: 
  No manifest

Lockfile: 
  # THIS IS AN AUTOGENERATED FILE. DO NOT EDIT THIS FILE DIRECTLY.
  # yarn lockfile v1
  
  
  "@polymer/polymer@next":
    version "3.0.0-pre.1"
    resolved "https://registry.yarnpkg.com/@polymer/polymer/-/polymer-3.0.0-pre.1.tgz#9fc26b5259aad9265f324ced02de715991d2eabe"
    dependencies:
      "@webcomponents/shadycss" "^1.0.0"
      "@webcomponents/webcomponentsjs" "^1.0.0"
  
  "@webcomponents/shadycss@^1.0.0":
    version "1.0.6"
    resolved "https://registry.yarnpkg.com/@webcomponents/shadycss/-/shadycss-1.0.6.tgz#5679919c43da77cbc884ba0bef6457111c65d7cd"
  
  "@webcomponents/webcomponentsjs@^1.0.0":
    version "1.0.17"
    resolved "https://registry.yarnpkg.com/@webcomponents/webcomponentsjs/-/webcomponentsjs-1.0.17.tgz#abd27356ca26d3b8423a1f1089d18a8c00c5c36d"

Trace: 
  Error: https://registry.yarnpkg.com/@contactlab-ui-components: Not found
      at Request.params.callback [as _callback] (/usr/share/yarn/lib/cli.js:62027:18)
      at Request.self.callback (/usr/share/yarn/lib/cli.js:123011:22)
      at emitTwo (events.js:125:13)
      at Request.emit (events.js:213:7)
      at Request.<anonymous> (/usr/share/yarn/lib/cli.js:123994:10)
      at emitOne (events.js:115:13)
      at Request.emit (events.js:210:7)
      at IncomingMessage.<anonymous> (/usr/share/yarn/lib/cli.js:123914:12)
      at Object.onceWrapper (events.js:312:30)
      at emitNone (events.js:110:20)
